android/app/build/intermediates/manifest_merge_blame_file/debug/processDebugMainManifest/manifest-merger-blame-debug-report.txt
1<?xml version="1.0" encoding="utf-8"?>
2<manifest xmlns:android="http://schemas.android.com/apk/res/android"
3    package="com.example.sololevelapp"
4    android:versionCode="1"
5    android:versionName="1.0.0" >
6
7    <uses-sdk
8        android:minSdkVersion="23"
9        android:targetSdkVersion="35" />
10    <!--
11         The INTERNET permission is required for development. Specifically,
12         the Flutter tool needs it to communicate with the running application
13         to allow setting breakpoints, to provide hot reload, etc.
14    -->
15    <uses-permission android:name="android.permission.INTERNET" />
15-->src\main\AndroidManifest.xml:4:5-67
15-->src\main\AndroidManifest.xml:4:22-64
16    <!-- Required for Google Sign-In -->
17    <queries>
17-->src\main\AndroidManifest.xml:50:5-55:15
18        <intent>
18-->src\main\AndroidManifest.xml:51:9-54:18
19            <action android:name="android.intent.action.PROCESS_TEXT" />
19-->src\main\AndroidManifest.xml:52:13-73
19-->src\main\AndroidManifest.xml:52:21-70
20
21            <data android:mimeType="text/plain" />
21-->src\main\AndroidManifest.xml:53:13-51
21-->src\main\AndroidManifest.xml:53:19-48
22        </intent>
23    </queries> <!-- Although the *SdkVersion is captured in gradle build files, this is required for non gradle builds -->
24    <!-- <uses-sdk android:minSdkVersion="21" /> -->
25    <uses-permission android:name="android.permission.ACCESS_NETWORK_STATE" />
25-->[com.google.firebase:firebase-firestore:25.1.2] AndroidManifest.xml:10:5-79
25-->[com.google.firebase:firebase-firestore:25.1.2] AndroidManifest.xml:10:22-76
26    <uses-permission android:name="com.google.android.providers.gsf.permission.READ_GSERVICES" />
26-->[com.google.android.recaptcha:recaptcha:18.6.1] AndroidManifest.xml:9:5-98
26-->[com.google.android.recaptcha:recaptcha:18.6.1] AndroidManifest.xml:9:22-95
27
28    <permission
28-->[androidx.core:core:1.13.1] AndroidManifest.xml:22:5-24:47
29        android:name="com.example.sololevelapp.DYNAMIC_RECEIVER_NOT_EXPORTED_PERMISSION"
29-->[androidx.core:core:1.13.1] AndroidManifest.xml:23:9-81
30        android:protectionLevel="signature" />
30-->[androidx.core:core:1.13.1] AndroidManifest.xml:24:9-44
31
32    <uses-permission android:name="com.example.sololevelapp.DYNAMIC_RECEIVER_NOT_EXPORTED_PERMISSION" />
32-->[androidx.core:core:1.13.1] AndroidManifest.xml:26:5-97
32-->[androidx.core:core:1.13.1] AndroidManifest.xml:26:22-94
33
34    <application
35        android:name="android.app.Application"
36        android:appComponentFactory="androidx.core.app.CoreComponentFactory"
36-->[androidx.core:core:1.13.1] AndroidManifest.xml:28:18-86
37        android:debuggable="true"
38        android:extractNativeLibs="false"
39        android:icon="@mipmap/ic_launcher"
40        android:label="sololevelapp" >
41        <activity
42            android:name="com.example.sololevelapp.MainActivity"
43            android:configChanges="orientation|keyboardHidden|keyboard|screenSize|smallestScreenSize|locale|layoutDirection|fontScale|screenLayout|density|uiMode"
44            android:exported="true"
45            android:hardwareAccelerated="true"
46            android:launchMode="singleTop"
47            android:theme="@style/LaunchTheme"
48            android:windowSoftInputMode="adjustResize" >
49            <meta-data
50                android:name="io.flutter.embedding.android.NormalTheme"
51                android:resource="@style/NormalTheme" />
52
53            <intent-filter>
54                <action android:name="android.intent.action.MAIN" />
55
56                <category android:name="android.intent.category.LAUNCHER" />
57            </intent-filter>
58        </activity>
59
60        <!-- Firebase and Google Sign-In configurations -->
61        <meta-data
62            android:name="com.google.firebase.messaging.default_notification_channel_id"
63            android:value="high_importance_channel" />
64        <meta-data
65            android:name="com.google.firebase.messaging.default_notification_icon"
66            android:resource="@mipmap/ic_launcher" />
67
68        <!-- Removed or commented out -->
69        <!--
70             <meta-data
71            android:name="com.google.firebase.messaging.default_notification_color"
72            android:resource="@color/ic_launcher_background" />
73        -->
74
75        <meta-data
76            android:name="flutterEmbedding"
77            android:value="2" />
78
79        <service
79-->[:cloud_firestore] AndroidManifest.xml:8:9-12:19
80            android:name="com.google.firebase.components.ComponentDiscoveryService"
80-->[:cloud_firestore] AndroidManifest.xml:8:18-89
81            android:directBootAware="true"
81-->[com.google.firebase:firebase-common:21.0.0] AndroidManifest.xml:32:13-43
82            android:exported="false" >
82-->[com.google.firebase:firebase-auth-ktx:23.2.0] AndroidManifest.xml:10:13-37
83            <meta-data
83-->[:cloud_firestore] AndroidManifest.xml:9:13-11:85
84                android:name="com.google.firebase.components:io.flutter.plugins.firebase.firestore.FlutterFirebaseFirestoreRegistrar"
84-->[:cloud_firestore] AndroidManifest.xml:10:17-134
85                android:value="com.google.firebase.components.ComponentRegistrar" />
85-->[:cloud_firestore] AndroidManifest.xml:11:17-82
86            <meta-data
86-->[:firebase_auth] AndroidManifest.xml:9:13-11:85
87                android:name="com.google.firebase.components:io.flutter.plugins.firebase.auth.FlutterFirebaseAuthRegistrar"
87-->[:firebase_auth] AndroidManifest.xml:10:17-124
88                android:value="com.google.firebase.components.ComponentRegistrar" />
88-->[:firebase_auth] AndroidManifest.xml:11:17-82
89            <meta-data
89-->[:firebase_core] AndroidManifest.xml:9:13-11:85
90                android:name="com.google.firebase.components:io.flutter.plugins.firebase.core.FlutterFirebaseCoreRegistrar"
90-->[:firebase_core] AndroidManifest.xml:10:17-124
91                android:value="com.google.firebase.components.ComponentRegistrar" />
91-->[:firebase_core] AndroidManifest.xml:11:17-82
92            <meta-data
92-->[com.google.firebase:firebase-auth-ktx:23.2.0] AndroidManifest.xml:11:13-13:85
93                android:name="com.google.firebase.components:com.google.firebase.auth.ktx.FirebaseAuthLegacyRegistrar"
93-->[com.google.firebase:firebase-auth-ktx:23.2.0] AndroidManifest.xml:12:17-119
94                android:value="com.google.firebase.components.ComponentRegistrar" />
94-->[com.google.firebase:firebase-auth-ktx:23.2.0] AndroidManifest.xml:13:17-82
95            <meta-data
95-->[com.google.firebase:firebase-firestore:25.1.2] AndroidManifest.xml:17:13-19:85
96                android:name="com.google.firebase.components:com.google.firebase.firestore.FirebaseFirestoreKtxRegistrar"
96-->[com.google.firebase:firebase-firestore:25.1.2] AndroidManifest.xml:18:17-122
97                android:value="com.google.firebase.components.ComponentRegistrar" />
97-->[com.google.firebase:firebase-firestore:25.1.2] AndroidManifest.xml:19:17-82
98            <meta-data
98-->[com.google.firebase:firebase-firestore:25.1.2] AndroidManifest.xml:20:13-22:85
99                android:name="com.google.firebase.components:com.google.firebase.firestore.FirestoreRegistrar"
99-->[com.google.firebase:firebase-firestore:25.1.2] AndroidManifest.xml:21:17-111
100                android:value="com.google.firebase.components.ComponentRegistrar" />
100-->[com.google.firebase:firebase-firestore:25.1.2] AndroidManifest.xml:22:17-82
101            <meta-data
101-->[com.google.firebase:firebase-auth:23.2.0] AndroidManifest.xml:69:13-71:85
102                android:name="com.google.firebase.components:com.google.firebase.auth.FirebaseAuthRegistrar"
102-->[com.google.firebase:firebase-auth:23.2.0] AndroidManifest.xml:70:17-109
103                android:value="com.google.firebase.components.ComponentRegistrar" />
103-->[com.google.firebase:firebase-auth:23.2.0] AndroidManifest.xml:71:17-82
104            <meta-data
104-->[com.google.firebase:firebase-common-ktx:21.0.0] AndroidManifest.xml:12:13-14:85
105                android:name="com.google.firebase.components:com.google.firebase.ktx.FirebaseCommonLegacyRegistrar"
105-->[com.google.firebase:firebase-common-ktx:21.0.0] AndroidManifest.xml:13:17-116
106                android:value="com.google.firebase.components.ComponentRegistrar" />
106-->[com.google.firebase:firebase-common-ktx:21.0.0] AndroidManifest.xml:14:17-82
107            <meta-data
107-->[com.google.firebase:firebase-common:21.0.0] AndroidManifest.xml:35:13-37:85
108                android:name="com.google.firebase.components:com.google.firebase.FirebaseCommonKtxRegistrar"
108-->[com.google.firebase:firebase-common:21.0.0] AndroidManifest.xml:36:17-109
109                android:value="com.google.firebase.components.ComponentRegistrar" />
109-->[com.google.firebase:firebase-common:21.0.0] AndroidManifest.xml:37:17-82
110        </service>
111
112        <activity
112-->[com.google.firebase:firebase-auth:23.2.0] AndroidManifest.xml:29:9-46:20
113            android:name="com.google.firebase.auth.internal.GenericIdpActivity"
113-->[com.google.firebase:firebase-auth:23.2.0] AndroidManifest.xml:30:13-80
114            android:excludeFromRecents="true"
114-->[com.google.firebase:firebase-auth:23.2.0] AndroidManifest.xml:31:13-46
115            android:exported="true"
115-->[com.google.firebase:firebase-auth:23.2.0] AndroidManifest.xml:32:13-36
116            android:launchMode="singleTask"
116-->[com.google.firebase:firebase-auth:23.2.0] AndroidManifest.xml:33:13-44
117            android:theme="@android:style/Theme.Translucent.NoTitleBar" >
117-->[com.google.firebase:firebase-auth:23.2.0] AndroidManifest.xml:34:13-72
118            <intent-filter>
118-->[com.google.firebase:firebase-auth:23.2.0] AndroidManifest.xml:35:13-45:29
119                <action android:name="android.intent.action.VIEW" />
119-->[com.google.firebase:firebase-auth:23.2.0] AndroidManifest.xml:36:17-69
119-->[com.google.firebase:firebase-auth:23.2.0] AndroidManifest.xml:36:25-66
120
121                <category android:name="android.intent.category.DEFAULT" />
121-->[com.google.firebase:firebase-auth:23.2.0] AndroidManifest.xml:38:17-76
121-->[com.google.firebase:firebase-auth:23.2.0] AndroidManifest.xml:38:27-73
122                <category android:name="android.intent.category.BROWSABLE" />
122-->[com.google.firebase:firebase-auth:23.2.0] AndroidManifest.xml:39:17-78
122-->[com.google.firebase:firebase-auth:23.2.0] AndroidManifest.xml:39:27-75
123
124                <data
124-->src\main\AndroidManifest.xml:53:13-51
125                    android:host="firebase.auth"
126                    android:path="/"
127                    android:scheme="genericidp" />
128            </intent-filter>
129        </activity>
130        <activity
130-->[com.google.firebase:firebase-auth:23.2.0] AndroidManifest.xml:47:9-64:20
131            android:name="com.google.firebase.auth.internal.RecaptchaActivity"
131-->[com.google.firebase:firebase-auth:23.2.0] AndroidManifest.xml:48:13-79
132            android:excludeFromRecents="true"
132-->[com.google.firebase:firebase-auth:23.2.0] AndroidManifest.xml:49:13-46
133            android:exported="true"
133-->[com.google.firebase:firebase-auth:23.2.0] AndroidManifest.xml:50:13-36
134            android:launchMode="singleTask"
134-->[com.google.firebase:firebase-auth:23.2.0] AndroidManifest.xml:51:13-44
135            android:theme="@android:style/Theme.Translucent.NoTitleBar" >
135-->[com.google.firebase:firebase-auth:23.2.0] AndroidManifest.xml:52:13-72
136            <intent-filter>
136-->[com.google.firebase:firebase-auth:23.2.0] AndroidManifest.xml:53:13-63:29
137                <action android:name="android.intent.action.VIEW" />
137-->[com.google.firebase:firebase-auth:23.2.0] AndroidManifest.xml:36:17-69
137-->[com.google.firebase:firebase-auth:23.2.0] AndroidManifest.xml:36:25-66
138
139                <category android:name="android.intent.category.DEFAULT" />
139-->[com.google.firebase:firebase-auth:23.2.0] AndroidManifest.xml:38:17-76
139-->[com.google.firebase:firebase-auth:23.2.0] AndroidManifest.xml:38:27-73
140                <category android:name="android.intent.category.BROWSABLE" />
140-->[com.google.firebase:firebase-auth:23.2.0] AndroidManifest.xml:39:17-78
140-->[com.google.firebase:firebase-auth:23.2.0] AndroidManifest.xml:39:27-75
141
142                <data
142-->src\main\AndroidManifest.xml:53:13-51
143                    android:host="firebase.auth"
144                    android:path="/"
145                    android:scheme="recaptcha" />
146            </intent-filter>
147        </activity>
148
149        <service
149-->[androidx.credentials:credentials-play-services-auth:1.2.0-rc01] AndroidManifest.xml:24:9-32:19
150            android:name="androidx.credentials.playservices.CredentialProviderMetadataHolder"
150-->[androidx.credentials:credentials-play-services-auth:1.2.0-rc01] AndroidManifest.xml:25:13-94
151            android:enabled="true"
151-->[androidx.credentials:credentials-play-services-auth:1.2.0-rc01] AndroidManifest.xml:26:13-35
152            android:exported="false" >
152-->[androidx.credentials:credentials-play-services-auth:1.2.0-rc01] AndroidManifest.xml:27:13-37
153            <meta-data
153-->[androidx.credentials:credentials-play-services-auth:1.2.0-rc01] AndroidManifest.xml:29:13-31:104
154                android:name="androidx.credentials.CREDENTIAL_PROVIDER_KEY"
154-->[androidx.credentials:credentials-play-services-auth:1.2.0-rc01] AndroidManifest.xml:30:17-76
155                android:value="androidx.credentials.playservices.CredentialProviderPlayServicesImpl" />
155-->[androidx.credentials:credentials-play-services-auth:1.2.0-rc01] AndroidManifest.xml:31:17-101
156        </service>
157
158        <activity
158-->[androidx.credentials:credentials-play-services-auth:1.2.0-rc01] AndroidManifest.xml:34:9-41:20
159            android:name="androidx.credentials.playservices.HiddenActivity"
159-->[androidx.credentials:credentials-play-services-auth:1.2.0-rc01] AndroidManifest.xml:35:13-76
160            android:configChanges="orientation|screenSize|screenLayout|keyboardHidden"
160-->[androidx.credentials:credentials-play-services-auth:1.2.0-rc01] AndroidManifest.xml:36:13-87
161            android:enabled="true"
161-->[androidx.credentials:credentials-play-services-auth:1.2.0-rc01] AndroidManifest.xml:37:13-35
162            android:exported="false"
162-->[androidx.credentials:credentials-play-services-auth:1.2.0-rc01] AndroidManifest.xml:38:13-37
163            android:fitsSystemWindows="true"
163-->[androidx.credentials:credentials-play-services-auth:1.2.0-rc01] AndroidManifest.xml:39:13-45
164            android:theme="@style/Theme.Hidden" >
164-->[androidx.credentials:credentials-play-services-auth:1.2.0-rc01] AndroidManifest.xml:40:13-48
165        </activity>
166        <activity
166-->[com.google.android.gms:play-services-auth:21.0.0] AndroidManifest.xml:23:9-27:75
167            android:name="com.google.android.gms.auth.api.signin.internal.SignInHubActivity"
167-->[com.google.android.gms:play-services-auth:21.0.0] AndroidManifest.xml:24:13-93
168            android:excludeFromRecents="true"
168-->[com.google.android.gms:play-services-auth:21.0.0] AndroidManifest.xml:25:13-46
169            android:exported="false"
169-->[com.google.android.gms:play-services-auth:21.0.0] AndroidManifest.xml:26:13-37
170            android:theme="@android:style/Theme.Translucent.NoTitleBar" />
170-->[com.google.android.gms:play-services-auth:21.0.0] AndroidManifest.xml:27:13-72
171        <!--
172            Service handling Google Sign-In user revocation. For apps that do not integrate with
173            Google Sign-In, this service will never be started.
174        -->
175        <service
175-->[com.google.android.gms:play-services-auth:21.0.0] AndroidManifest.xml:33:9-37:51
176            android:name="com.google.android.gms.auth.api.signin.RevocationBoundService"
176-->[com.google.android.gms:play-services-auth:21.0.0] AndroidManifest.xml:34:13-89
177            android:exported="true"
177-->[com.google.android.gms:play-services-auth:21.0.0] AndroidManifest.xml:35:13-36
178            android:permission="com.google.android.gms.auth.api.signin.permission.REVOCATION_NOTIFICATION"
178-->[com.google.android.gms:play-services-auth:21.0.0] AndroidManifest.xml:36:13-107
179            android:visibleToInstantApps="true" />
179-->[com.google.android.gms:play-services-auth:21.0.0] AndroidManifest.xml:37:13-48
180
181        <activity
181-->[com.google.android.gms:play-services-base:18.1.0] AndroidManifest.xml:20:9-22:45
182            android:name="com.google.android.gms.common.api.GoogleApiActivity"
182-->[com.google.android.gms:play-services-base:18.1.0] AndroidManifest.xml:20:19-85
183            android:exported="false"
183-->[com.google.android.gms:play-services-base:18.1.0] AndroidManifest.xml:22:19-43
184            android:theme="@android:style/Theme.Translucent.NoTitleBar" />
184-->[com.google.android.gms:play-services-base:18.1.0] AndroidManifest.xml:21:19-78
185
186        <provider
186-->[com.google.firebase:firebase-common:21.0.0] AndroidManifest.xml:23:9-28:39
187            android:name="com.google.firebase.provider.FirebaseInitProvider"
187-->[com.google.firebase:firebase-common:21.0.0] AndroidManifest.xml:24:13-77
188            android:authorities="com.example.sololevelapp.firebaseinitprovider"
188-->[com.google.firebase:firebase-common:21.0.0] AndroidManifest.xml:25:13-72
189            android:directBootAware="true"
189-->[com.google.firebase:firebase-common:21.0.0] AndroidManifest.xml:26:13-43
190            android:exported="false"
190-->[com.google.firebase:firebase-common:21.0.0] AndroidManifest.xml:27:13-37
191            android:initOrder="100" />
191-->[com.google.firebase:firebase-common:21.0.0] AndroidManifest.xml:28:13-36
192
193        <uses-library
193-->[androidx.window:window:1.2.0] AndroidManifest.xml:23:9-25:40
194            android:name="androidx.window.extensions"
194-->[androidx.window:window:1.2.0] AndroidManifest.xml:24:13-54
195            android:required="false" />
195-->[androidx.window:window:1.2.0] AndroidManifest.xml:25:13-37
196        <uses-library
196-->[androidx.window:window:1.2.0] AndroidManifest.xml:26:9-28:40
197            android:name="androidx.window.sidecar"
197-->[androidx.window:window:1.2.0] AndroidManifest.xml:27:13-51
198            android:required="false" />
198-->[androidx.window:window:1.2.0] AndroidManifest.xml:28:13-37
199
200        <meta-data
200-->[com.google.android.gms:play-services-basement:18.4.0] AndroidManifest.xml:6:9-122
201            android:name="com.google.android.gms.version"
201-->[com.google.android.gms:play-services-basement:18.4.0] AndroidManifest.xml:6:20-65
202            android:value="@integer/google_play_services_version" />
202-->[com.google.android.gms:play-services-basement:18.4.0] AndroidManifest.xml:6:66-119
203
204        <provider
204-->[androidx.lifecycle:lifecycle-process:2.7.0] AndroidManifest.xml:24:9-32:20
205            android:name="androidx.startup.InitializationProvider"
205-->[androidx.lifecycle:lifecycle-process:2.7.0] AndroidManifest.xml:25:13-67
206            android:authorities="com.example.sololevelapp.androidx-startup"
206-->[androidx.lifecycle:lifecycle-process:2.7.0] AndroidManifest.xml:26:13-68
207            android:exported="false" >
207-->[androidx.lifecycle:lifecycle-process:2.7.0] AndroidManifest.xml:27:13-37
208            <meta-data
208-->[androidx.lifecycle:lifecycle-process:2.7.0] AndroidManifest.xml:29:13-31:52
209                android:name="androidx.lifecycle.ProcessLifecycleInitializer"
209-->[androidx.lifecycle:lifecycle-process:2.7.0] AndroidManifest.xml:30:17-78
210                android:value="androidx.startup" />
210-->[androidx.lifecycle:lifecycle-process:2.7.0] AndroidManifest.xml:31:17-49
211            <meta-data
211-->[androidx.profileinstaller:profileinstaller:1.3.1] AndroidManifest.xml:29:13-31:52
212                android:name="androidx.profileinstaller.ProfileInstallerInitializer"
212-->[androidx.profileinstaller:profileinstaller:1.3.1] AndroidManifest.xml:30:17-85
213                android:value="androidx.startup" />
213-->[androidx.profileinstaller:profileinstaller:1.3.1] AndroidManifest.xml:31:17-49
214        </provider>
215
216        <receiver
216-->[androidx.profileinstaller:profileinstaller:1.3.1] AndroidManifest.xml:34:9-52:20
217            android:name="androidx.profileinstaller.ProfileInstallReceiver"
217-->[androidx.profileinstaller:profileinstaller:1.3.1] AndroidManifest.xml:35:13-76
218            android:directBootAware="false"
218-->[androidx.profileinstaller:profileinstaller:1.3.1] AndroidManifest.xml:36:13-44
219            android:enabled="true"
219-->[androidx.profileinstaller:profileinstaller:1.3.1] AndroidManifest.xml:37:13-35
220            android:exported="true"
220-->[androidx.profileinstaller:profileinstaller:1.3.1] AndroidManifest.xml:38:13-36
221            android:permission="android.permission.DUMP" >
221-->[androidx.profileinstaller:profileinstaller:1.3.1] AndroidManifest.xml:39:13-57
222            <intent-filter>
222-->[androidx.profileinstaller:profileinstaller:1.3.1] AndroidManifest.xml:40:13-42:29
223                <action android:name="androidx.profileinstaller.action.INSTALL_PROFILE" />
223-->[androidx.profileinstaller:profileinstaller:1.3.1] AndroidManifest.xml:41:17-91
223-->[androidx.profileinstaller:profileinstaller:1.3.1] AndroidManifest.xml:41:25-88
224            </intent-filter>
225            <intent-filter>
225-->[androidx.profileinstaller:profileinstaller:1.3.1] AndroidManifest.xml:43:13-45:29
226                <action android:name="androidx.profileinstaller.action.SKIP_FILE" />
226-->[androidx.profileinstaller:profileinstaller:1.3.1] AndroidManifest.xml:44:17-85
226-->[androidx.profileinstaller:profileinstaller:1.3.1] AndroidManifest.xml:44:25-82
227            </intent-filter>
228            <intent-filter>
228-->[androidx.profileinstaller:profileinstaller:1.3.1] AndroidManifest.xml:46:13-48:29
229                <action android:name="androidx.profileinstaller.action.SAVE_PROFILE" />
229-->[androidx.profileinstaller:profileinstaller:1.3.1] AndroidManifest.xml:47:17-88
229-->[androidx.profileinstaller:profileinstaller:1.3.1] AndroidManifest.xml:47:25-85
230            </intent-filter>
231            <intent-filter>
231-->[androidx.profileinstaller:profileinstaller:1.3.1] AndroidManifest.xml:49:13-51:29
232                <action android:name="androidx.profileinstaller.action.BENCHMARK_OPERATION" />
232-->[androidx.profileinstaller:profileinstaller:1.3.1] AndroidManifest.xml:50:17-95
232-->[androidx.profileinstaller:profileinstaller:1.3.1] AndroidManifest.xml:50:25-92
233            </intent-filter>
234        </receiver> <!-- The activities will be merged into the manifest of the hosting app. -->
235        <activity
235-->[com.google.android.play:core-common:2.0.3] AndroidManifest.xml:14:9-18:65
236            android:name="com.google.android.play.core.common.PlayCoreDialogWrapperActivity"
236-->[com.google.android.play:core-common:2.0.3] AndroidManifest.xml:15:13-93
237            android:exported="false"
237-->[com.google.android.play:core-common:2.0.3] AndroidManifest.xml:16:13-37
238            android:stateNotNeeded="true"
238-->[com.google.android.play:core-common:2.0.3] AndroidManifest.xml:17:13-42
239            android:theme="@style/Theme.PlayCore.Transparent" />
239-->[com.google.android.play:core-common:2.0.3] AndroidManifest.xml:18:13-62
240    </application>
241
242</manifest>